[debug] [2025-08-04T05:45:32.750Z] ----------------------------------------------------------------------
[debug] [2025-08-04T05:45:32.752Z] Command:       C:\Program Files\nodejs\node.exe C:\Users\musht\AppData\Roaming\npm\node_modules\firebase-tools\lib\bin\firebase.js projects:list
[debug] [2025-08-04T05:45:32.753Z] CLI Version:   13.35.1
[debug] [2025-08-04T05:45:32.753Z] Platform:      win32
[debug] [2025-08-04T05:45:32.753Z] Node Version:  v22.13.1
[debug] [2025-08-04T05:45:32.753Z] Time:          Mon Aug 04 2025 11:15:32 GMT+0530 (India Standard Time)
[debug] [2025-08-04T05:45:32.753Z] ----------------------------------------------------------------------
[debug] 
[debug] [2025-08-04T05:45:32.758Z] >>> [apiv2][query] GET https://firebase-public.firebaseio.com/cli.json [none]
[debug] [2025-08-04T05:45:32.977Z] Object "" in "firebase.json" has unknown property: {"additionalProperty":"flutter"}
[debug] [2025-08-04T05:45:32.984Z] > command requires scopes: ["email","openid","https://www.googleapis.com/auth/cloudplatformprojects.readonly","https://www.googleapis.com/auth/firebase","https://www.googleapis.com/auth/cloud-platform"]
[debug] [2025-08-04T05:45:32.984Z] > authorizing via signed-in user (scsit.dev2@sparecare.in)
[debug] [2025-08-04T05:45:32.988Z] Checked if tokens are valid: false, expires at: 1742999696568
[debug] [2025-08-04T05:45:32.988Z] Checked if tokens are valid: false, expires at: 1742999696568
[debug] [2025-08-04T05:45:32.989Z] > refreshing access token with scopes: []
[debug] [2025-08-04T05:45:32.989Z] >>> [apiv2][query] POST https://www.googleapis.com/oauth2/v3/token [none]
[debug] [2025-08-04T05:45:32.990Z] >>> [apiv2][body] POST https://www.googleapis.com/oauth2/v3/token [omitted]
[debug] [2025-08-04T05:45:33.179Z] <<< [apiv2][status] POST https://www.googleapis.com/oauth2/v3/token 400
[debug] [2025-08-04T05:45:33.179Z] <<< [apiv2][body] POST https://www.googleapis.com/oauth2/v3/token [omitted]
[debug] [2025-08-04T05:45:33.180Z] >>> [apiv2][query] GET https://firebase.googleapis.com/v1beta1/projects pageSize=1000
[debug] [2025-08-04T05:45:33.357Z] <<< [apiv2][status] GET https://firebase.googleapis.com/v1beta1/projects 401
[debug] [2025-08-04T05:45:33.357Z] <<< [apiv2][body] GET https://firebase.googleapis.com/v1beta1/projects [omitted]
[debug] [2025-08-04T05:45:33.357Z] Got a 401 Unauthenticated error for a call that required authentication. Refreshing tokens.
[debug] [2025-08-04T05:45:33.358Z] Checked if tokens are valid: false, expires at: 1742999696568
[debug] [2025-08-04T05:45:33.358Z] Checked if tokens are valid: false, expires at: 1742999696568
[debug] [2025-08-04T05:45:33.358Z] > refreshing access token with scopes: []
[debug] [2025-08-04T05:45:33.358Z] >>> [apiv2][query] POST https://www.googleapis.com/oauth2/v3/token [none]
[debug] [2025-08-04T05:45:33.358Z] >>> [apiv2][body] POST https://www.googleapis.com/oauth2/v3/token [omitted]
[debug] [2025-08-04T05:45:33.469Z] <<< [apiv2][status] POST https://www.googleapis.com/oauth2/v3/token 400
[debug] [2025-08-04T05:45:33.469Z] <<< [apiv2][body] POST https://www.googleapis.com/oauth2/v3/token [omitted]
[debug] [2025-08-04T05:45:33.469Z] Request to https://firebase.googleapis.com/v1beta1/projects?pageSize=1000 had HTTP Error: 401, Request had invalid authentication credentials. Expected OAuth 2 access token, login cookie or other valid authentication credential. See https://developers.google.com/identity/sign-in/web/devconsole-project.
[debug] [2025-08-04T05:45:33.609Z] <<< [apiv2][status] GET https://firebase-public.firebaseio.com/cli.json 200
[debug] [2025-08-04T05:45:33.609Z] <<< [apiv2][body] GET https://firebase-public.firebaseio.com/cli.json {"cloudBuildErrorAfter":1594252800000,"cloudBuildWarnAfter":1590019200000,"defaultNode10After":1594252800000,"minVersion":"3.0.5","node8DeploysDisabledAfter":1613390400000,"node8RuntimeDisabledAfter":1615809600000,"node8WarnAfter":1600128000000}
[debug] [2025-08-04T05:45:33.618Z] FirebaseError: Request to https://firebase.googleapis.com/v1beta1/projects?pageSize=1000 had HTTP Error: 401, Request had invalid authentication credentials. Expected OAuth 2 access token, login cookie or other valid authentication credential. See https://developers.google.com/identity/sign-in/web/devconsole-project.
    at responseToError (C:\Users\musht\AppData\Roaming\npm\node_modules\firebase-tools\lib\responseToError.js:52:12)
    at RetryOperation._fn (C:\Users\musht\AppData\Roaming\npm\node_modules\firebase-tools\lib\apiv2.js:312:77)
    at process.processTicksAndRejections (node:internal/process/task_queues:105:5)
[error] 
[error] Error: Failed to list Firebase projects. See firebase-debug.log for more info.
